<?xml version="1.0" encoding="UTF-8"?>
<coverage generated="1767891767751" clover="3.2.0">
  <project timestamp="1767891767751" name="All files">
    <metrics statements="31" coveredstatements="30" conditionals="10" coveredconditionals="7" methods="12" coveredmethods="11" elements="53" coveredelements="48" complexity="0" loc="31" ncloc="31" packages="3" files="6" classes="6"/>
    <package name="src">
      <metrics statements="11" coveredstatements="11" conditionals="4" coveredconditionals="2" methods="4" coveredmethods="4"/>
      <file name="FirstSteps.tsx" path="C:\Users\GJ131PG\Documents\ESTUDIO\curso-udemy-react-cero-experto-2025\04-react-primeros-pasos\src\FirstSteps.tsx">
        <metrics statements="4" coveredstatements="4" conditionals="0" coveredconditionals="0" methods="3" coveredmethods="3"/>
        <line num="8" count="1" type="stmt"/>
        <line num="15" count="3" type="stmt"/>
        <line num="23" count="9" type="stmt"/>
        <line num="32" count="9" type="stmt"/>
      </file>
      <file name="MyAwesomeApp.tsx" path="C:\Users\GJ131PG\Documents\ESTUDIO\curso-udemy-react-cero-experto-2025\04-react-primeros-pasos\src\MyAwesomeApp.tsx">
        <metrics statements="7" coveredstatements="7" conditionals="4" coveredconditionals="2" methods="1" coveredmethods="1"/>
        <line num="3" count="1" type="stmt"/>
        <line num="4" count="1" type="stmt"/>
        <line num="6" count="1" type="stmt"/>
        <line num="7" count="1" type="stmt"/>
        <line num="9" count="1" type="stmt"/>
        <line num="20" count="1" type="stmt"/>
        <line num="29" count="3" type="stmt"/>
      </file>
    </package>
    <package name="src.helpers">
      <metrics statements="8" coveredstatements="8" conditionals="0" coveredconditionals="0" methods="4" coveredmethods="4"/>
      <file name="math.helper.ts" path="C:\Users\GJ131PG\Documents\ESTUDIO\curso-udemy-react-cero-experto-2025\04-react-primeros-pasos\src\helpers\math.helper.ts">
        <metrics statements="8" coveredstatements="8" conditionals="0" coveredconditionals="0" methods="4" coveredmethods="4"/>
        <line num="1" count="1" type="stmt"/>
        <line num="2" count="2" type="stmt"/>
        <line num="4" count="1" type="stmt"/>
        <line num="5" count="2" type="stmt"/>
        <line num="7" count="1" type="stmt"/>
        <line num="8" count="2" type="stmt"/>
        <line num="10" count="1" type="stmt"/>
        <line num="11" count="1" type="stmt"/>
      </file>
    </package>
    <package name="src.shopping-cart">
      <metrics statements="12" coveredstatements="11" conditionals="6" coveredconditionals="5" methods="4" coveredmethods="3"/>
      <file name="ItemCounter.css" path="C:\Users\GJ131PG\Documents\ESTUDIO\curso-udemy-react-cero-experto-2025\04-react-primeros-pasos\src\shopping-cart\ItemCounter.css">
        <metrics statements="0" coveredstatements="0" conditionals="0" coveredconditionals="0" methods="0" coveredmethods="0"/>
      </file>
      <file name="ItemCounter.module.css" path="C:\Users\GJ131PG\Documents\ESTUDIO\curso-udemy-react-cero-experto-2025\04-react-primeros-pasos\src\shopping-cart\ItemCounter.module.css">
        <metrics statements="0" coveredstatements="0" conditionals="0" coveredconditionals="0" methods="0" coveredmethods="0"/>
      </file>
      <file name="ItemCounter.tsx" path="C:\Users\GJ131PG\Documents\ESTUDIO\curso-udemy-react-cero-experto-2025\04-react-primeros-pasos\src\shopping-cart\ItemCounter.tsx">
        <metrics statements="12" coveredstatements="11" conditionals="6" coveredconditionals="5" methods="4" coveredmethods="3"/>
        <line num="13" count="1" type="stmt"/>
        <line num="14" count="8" type="stmt"/>
        <line num="16" count="8" type="cond" truecount="2" falsecount="0"/>
        <line num="18" count="8" type="stmt"/>
        <line num="19" count="1" type="stmt"/>
        <line num="20" count="1" type="stmt"/>
        <line num="22" count="8" type="stmt"/>
        <line num="23" count="1" type="stmt"/>
        <line num="24" count="1" type="cond" truecount="1" falsecount="1"/>
        <line num="25" count="1" type="stmt"/>
        <line num="29" count="8" type="stmt"/>
        <line num="44" count="0" type="stmt"/>
      </file>
    </package>
  </project>
</coverage>
