{"C:\\Users\\GJ131PG\\Documents\\ESTUDIO\\curso-udemy-react-cero-experto-2025\\04-react-primeros-pasos\\src\\FirstSteps.tsx": {"path":"C:\\Users\\GJ131PG\\Documents\\ESTUDIO\\curso-udemy-react-cero-experto-2025\\04-react-primeros-pasos\\src\\FirstSteps.tsx","statementMap":{"0":{"start":{"line":8,"column":34},"end":{"line":12,"column":null}},"1":{"start":{"line":15,"column":4},"end":{"line":33,"column":51}},"2":{"start":{"line":23,"column":33},"end":{"line":24,"column":56}},"3":{"start":{"line":32,"column":58},"end":{"line":33,"column":51}}},"fnMap":{"0":{"name":"FirstStepsApp","decl":{"start":{"line":14,"column":16},"end":{"line":14,"column":null}},"loc":{"start":{"line":14,"column":16},"end":{"line":40,"column":null}},"line":14},"1":{"name":"(anonymous_1)","decl":{"start":{"line":23,"column":32},"end":{"line":23,"column":33}},"loc":{"start":{"line":23,"column":33},"end":{"line":24,"column":56}},"line":23},"2":{"name":"(anonymous_2)","decl":{"start":{"line":32,"column":32},"end":{"line":32,"column":33}},"loc":{"start":{"line":32,"column":58},"end":{"line":33,"column":51}},"line":32}},"branchMap":{},"s":{"0":1,"1":3,"2":9,"3":9},"f":{"0":3,"1":9,"2":9},"b":{},"meta":{"lastBranch":0,"lastFunction":3,"lastStatement":4,"seen":{"s:8:34:12:Infinity":0,"f:14:16:14:Infinity":0,"s:15:4:33:51":1,"f:23:32:23:33":1,"s:23:33:24:56":2,"f:32:32:32:33":2,"s:32:58:33:51":3}}}
,"C:\\Users\\GJ131PG\\Documents\\ESTUDIO\\curso-udemy-react-cero-experto-2025\\04-react-primeros-pasos\\src\\MyAwesomeApp.tsx": {"path":"C:\\Users\\GJ131PG\\Documents\\ESTUDIO\\curso-udemy-react-cero-experto-2025\\04-react-primeros-pasos\\src\\MyAwesomeApp.tsx","statementMap":{"0":{"start":{"line":3,"column":18},"end":{"line":3,"column":null}},"1":{"start":{"line":4,"column":17},"end":{"line":4,"column":null}},"2":{"start":{"line":6,"column":21},"end":{"line":6,"column":null}},"3":{"start":{"line":7,"column":17},"end":{"line":7,"column":null}},"4":{"start":{"line":9,"column":16},"end":{"line":12,"column":null}},"5":{"start":{"line":20,"column":32},"end":{"line":25,"column":null}},"6":{"start":{"line":29,"column":4},"end":{"line":43,"column":null}}},"fnMap":{"0":{"name":"MyAwesomeApp","decl":{"start":{"line":28,"column":16},"end":{"line":28,"column":null}},"loc":{"start":{"line":28,"column":16},"end":{"line":46,"column":null}},"line":28}},"branchMap":{"0":{"loc":{"start":{"line":21,"column":21},"end":{"line":21,"column":null}},"type":"cond-expr","locations":[{"start":{"line":21,"column":32},"end":{"line":21,"column":42}},{"start":{"line":21,"column":42},"end":{"line":21,"column":null}}],"line":21},"1":{"loc":{"start":{"line":35,"column":16},"end":{"line":35,"column":null}},"type":"cond-expr","locations":[{"start":{"line":35,"column":27},"end":{"line":35,"column":43}},{"start":{"line":35,"column":43},"end":{"line":35,"column":null}}],"line":35}},"s":{"0":1,"1":1,"2":1,"3":1,"4":1,"5":1,"6":3},"f":{"0":3},"b":{"0":[1,0],"1":[3,0]},"meta":{"lastBranch":2,"lastFunction":1,"lastStatement":7,"seen":{"s:3:18:3:Infinity":0,"s:4:17:4:Infinity":1,"s:6:21:6:Infinity":2,"s:7:17:7:Infinity":3,"s:9:16:12:Infinity":4,"s:20:32:25:Infinity":5,"b:21:32:21:42:21:42:21:Infinity":0,"f:28:16:28:Infinity":0,"s:29:4:43:Infinity":6,"b:35:27:35:43:35:43:35:Infinity":1}}}
,"C:\\Users\\GJ131PG\\Documents\\ESTUDIO\\curso-udemy-react-cero-experto-2025\\04-react-primeros-pasos\\src\\helpers\\math.helper.ts": {"path":"C:\\Users\\GJ131PG\\Documents\\ESTUDIO\\curso-udemy-react-cero-experto-2025\\04-react-primeros-pasos\\src\\helpers\\math.helper.ts","statementMap":{"0":{"start":{"line":1,"column":19},"end":{"line":3,"column":null}},"1":{"start":{"line":2,"column":4},"end":{"line":2,"column":null}},"2":{"start":{"line":4,"column":24},"end":{"line":6,"column":null}},"3":{"start":{"line":5,"column":4},"end":{"line":5,"column":null}},"4":{"start":{"line":7,"column":24},"end":{"line":9,"column":null}},"5":{"start":{"line":8,"column":4},"end":{"line":8,"column":null}},"6":{"start":{"line":10,"column":22},"end":{"line":12,"column":null}},"7":{"start":{"line":11,"column":4},"end":{"line":11,"column":null}}},"fnMap":{"0":{"name":"(anonymous_0)","decl":{"start":{"line":1,"column":19},"end":{"line":1,"column":20}},"loc":{"start":{"line":1,"column":31},"end":{"line":3,"column":null}},"line":1},"1":{"name":"(anonymous_1)","decl":{"start":{"line":4,"column":24},"end":{"line":4,"column":25}},"loc":{"start":{"line":4,"column":36},"end":{"line":6,"column":null}},"line":4},"2":{"name":"(anonymous_2)","decl":{"start":{"line":7,"column":24},"end":{"line":7,"column":25}},"loc":{"start":{"line":7,"column":36},"end":{"line":9,"column":null}},"line":7},"3":{"name":"(anonymous_3)","decl":{"start":{"line":10,"column":22},"end":{"line":10,"column":23}},"loc":{"start":{"line":10,"column":34},"end":{"line":12,"column":null}},"line":10}},"branchMap":{},"s":{"0":1,"1":2,"2":1,"3":2,"4":1,"5":2,"6":1,"7":1},"f":{"0":2,"1":2,"2":2,"3":1},"b":{},"meta":{"lastBranch":0,"lastFunction":4,"lastStatement":8,"seen":{"s:1:19:3:Infinity":0,"f:1:19:1:20":0,"s:2:4:2:Infinity":1,"s:4:24:6:Infinity":2,"f:4:24:4:25":1,"s:5:4:5:Infinity":3,"s:7:24:9:Infinity":4,"f:7:24:7:25":2,"s:8:4:8:Infinity":5,"s:10:22:12:Infinity":6,"f:10:22:10:23":3,"s:11:4:11:Infinity":7}}}
,"C:\\Users\\GJ131PG\\Documents\\ESTUDIO\\curso-udemy-react-cero-experto-2025\\04-react-primeros-pasos\\src\\shopping-cart\\ItemCounter.css": {"path":"C:\\Users\\GJ131PG\\Documents\\ESTUDIO\\curso-udemy-react-cero-experto-2025\\04-react-primeros-pasos\\src\\shopping-cart\\ItemCounter.css","statementMap":{},"fnMap":{},"branchMap":{},"s":{},"f":{},"b":{},"meta":{"lastBranch":0,"lastFunction":0,"lastStatement":0,"seen":{}}}
,"C:\\Users\\GJ131PG\\Documents\\ESTUDIO\\curso-udemy-react-cero-experto-2025\\04-react-primeros-pasos\\src\\shopping-cart\\ItemCounter.module.css": {"path":"C:\\Users\\GJ131PG\\Documents\\ESTUDIO\\curso-udemy-react-cero-experto-2025\\04-react-primeros-pasos\\src\\shopping-cart\\ItemCounter.module.css","statementMap":{},"fnMap":{},"branchMap":{},"s":{},"f":{},"b":{},"meta":{"lastBranch":0,"lastFunction":0,"lastStatement":0,"seen":{}}}
,"C:\\Users\\GJ131PG\\Documents\\ESTUDIO\\curso-udemy-react-cero-experto-2025\\04-react-primeros-pasos\\src\\shopping-cart\\ItemCounter.tsx": {"path":"C:\\Users\\GJ131PG\\Documents\\ESTUDIO\\curso-udemy-react-cero-experto-2025\\04-react-primeros-pasos\\src\\shopping-cart\\ItemCounter.tsx","statementMap":{"0":{"start":{"line":13,"column":27},"end":{"line":55,"column":null}},"1":{"start":{"line":14,"column":35},"end":{"line":14,"column":null}},"2":{"start":{"line":16,"column":27},"end":{"line":16,"column":null}},"3":{"start":{"line":18,"column":22},"end":{"line":21,"column":null}},"4":{"start":{"line":19,"column":8},"end":{"line":19,"column":null}},"5":{"start":{"line":20,"column":8},"end":{"line":20,"column":null}},"6":{"start":{"line":22,"column":27},"end":{"line":27,"column":null}},"7":{"start":{"line":23,"column":8},"end":{"line":23,"column":null}},"8":{"start":{"line":24,"column":8},"end":{"line":26,"column":null}},"9":{"start":{"line":25,"column":12},"end":{"line":25,"column":null}},"10":{"start":{"line":29,"column":4},"end":{"line":52,"column":null}},"11":{"start":{"line":44,"column":20},"end":{"line":44,"column":null}}},"fnMap":{"0":{"name":"(anonymous_0)","decl":{"start":{"line":13,"column":27},"end":{"line":13,"column":28}},"loc":{"start":{"line":13,"column":28},"end":{"line":55,"column":null}},"line":13},"1":{"name":"(anonymous_1)","decl":{"start":{"line":18,"column":22},"end":{"line":18,"column":null}},"loc":{"start":{"line":18,"column":22},"end":{"line":21,"column":null}},"line":18},"2":{"name":"(anonymous_2)","decl":{"start":{"line":22,"column":27},"end":{"line":22,"column":null}},"loc":{"start":{"line":22,"column":27},"end":{"line":27,"column":null}},"line":22},"3":{"name":"(anonymous_3)","decl":{"start":{"line":43,"column":30},"end":{"line":43,"column":null}},"loc":{"start":{"line":43,"column":30},"end":{"line":45,"column":null}},"line":43}},"branchMap":{"0":{"loc":{"start":{"line":16,"column":39},"end":{"line":16,"column":null}},"type":"binary-expr","locations":[{"start":{"line":16,"column":39},"end":{"line":16,"column":51}},{"start":{"line":16,"column":51},"end":{"line":16,"column":null}}],"line":16},"1":{"loc":{"start":{"line":24,"column":8},"end":{"line":26,"column":null}},"type":"if","locations":[{"start":{"line":24,"column":8},"end":{"line":26,"column":null}},{"start":{},"end":{}}],"line":24},"2":{"loc":{"start":{"line":40,"column":23},"end":{"line":40,"column":null}},"type":"cond-expr","locations":[{"start":{"line":40,"column":37},"end":{"line":40,"column":45}},{"start":{"line":40,"column":45},"end":{"line":40,"column":null}}],"line":40}},"s":{"0":1,"1":8,"2":8,"3":8,"4":1,"5":1,"6":8,"7":1,"8":1,"9":1,"10":8,"11":0},"f":{"0":8,"1":1,"2":1,"3":0},"b":{"0":[8,2],"1":[1,0],"2":[3,5]},"meta":{"lastBranch":3,"lastFunction":4,"lastStatement":12,"seen":{"s:13:27:55:Infinity":0,"f:13:27:13:28":0,"s:14:35:14:Infinity":1,"s:16:27:16:Infinity":2,"b:16:39:16:51:16:51:16:Infinity":0,"s:18:22:21:Infinity":3,"f:18:22:18:Infinity":1,"s:19:8:19:Infinity":4,"s:20:8:20:Infinity":5,"s:22:27:27:Infinity":6,"f:22:27:22:Infinity":2,"s:23:8:23:Infinity":7,"b:24:8:26:Infinity:undefined:undefined:undefined:undefined":1,"s:24:8:26:Infinity":8,"s:25:12:25:Infinity":9,"s:29:4:52:Infinity":10,"b:40:37:40:45:40:45:40:Infinity":2,"f:43:30:43:Infinity":3,"s:44:20:44:Infinity":11}}}
}
